Determining if the pthread_create exist failed with the following output:
Change Dir: /home/jjl/桌面/Miracle3D_main/Miracle3D_main/CMakeFiles/CMakeTmp

Run Build Command:"/usr/bin/make" "cmTC_de224/fast"
/usr/bin/make -f CMakeFiles/cmTC_de224.dir/build.make CMakeFiles/cmTC_de224.dir/build
make[1]: 进入目录“/home/jjl/桌面/Miracle3D_main/Miracle3D_main/CMakeFiles/CMakeTmp”
Building C object CMakeFiles/cmTC_de224.dir/CheckSymbolExists.c.o
/usr/bin/cc    -o CMakeFiles/cmTC_de224.dir/CheckSymbolExists.c.o   -c /home/jjl/桌面/Miracle3D_main/Miracle3D_main/CMakeFiles/CMakeTmp/CheckSymbolExists.c
Linking C executable cmTC_de224
/usr/bin/cmake -E cmake_link_script CMakeFiles/cmTC_de224.dir/link.txt --verbose=1
/usr/bin/cc      -rdynamic CMakeFiles/cmTC_de224.dir/CheckSymbolExists.c.o  -o cmTC_de224 
CMakeFiles/cmTC_de224.dir/CheckSymbolExists.c.o：在函数‘main’中：
CheckSymbolExists.c:(.text+0x1b)：对‘pthread_create’未定义的引用
collect2: error: ld returned 1 exit status
CMakeFiles/cmTC_de224.dir/build.make:97: recipe for target 'cmTC_de224' failed
make[1]: *** [cmTC_de224] Error 1
make[1]: 离开目录“/home/jjl/桌面/Miracle3D_main/Miracle3D_main/CMakeFiles/CMakeTmp”
Makefile:126: recipe for target 'cmTC_de224/fast' failed
make: *** [cmTC_de224/fast] Error 2

File /home/jjl/桌面/Miracle3D_main/Miracle3D_main/CMakeFiles/CMakeTmp/CheckSymbolExists.c:
/* */
#include <pthread.h>

int main(int argc, char** argv)
{
  (void)argv;
#ifndef pthread_create
  return ((int*)(&pthread_create))[argc];
#else
  (void)argc;
  return 0;
#endif
}

Determining if the function pthread_create exists in the pthreads failed with the following output:
Change Dir: /home/jjl/桌面/Miracle3D_main/Miracle3D_main/CMakeFiles/CMakeTmp

Run Build Command:"/usr/bin/make" "cmTC_1455c/fast"
/usr/bin/make -f CMakeFiles/cmTC_1455c.dir/build.make CMakeFiles/cmTC_1455c.dir/build
make[1]: 进入目录“/home/jjl/桌面/Miracle3D_main/Miracle3D_main/CMakeFiles/CMakeTmp”
Building C object CMakeFiles/cmTC_1455c.dir/CheckFunctionExists.c.o
/usr/bin/cc   -DCHECK_FUNCTION_EXISTS=pthread_create   -o CMakeFiles/cmTC_1455c.dir/CheckFunctionExists.c.o   -c /usr/share/cmake-3.10/Modules/CheckFunctionExists.c
Linking C executable cmTC_1455c
/usr/bin/cmake -E cmake_link_script CMakeFiles/cmTC_1455c.dir/link.txt --verbose=1
/usr/bin/cc  -DCHECK_FUNCTION_EXISTS=pthread_create    -rdynamic CMakeFiles/cmTC_1455c.dir/CheckFunctionExists.c.o  -o cmTC_1455c -lpthreads 
/usr/bin/ld: 找不到 -lpthreads
collect2: error: ld returned 1 exit status
CMakeFiles/cmTC_1455c.dir/build.make:97: recipe for target 'cmTC_1455c' failed
make[1]: *** [cmTC_1455c] Error 1
make[1]: 离开目录“/home/jjl/桌面/Miracle3D_main/Miracle3D_main/CMakeFiles/CMakeTmp”
Makefile:126: recipe for target 'cmTC_1455c/fast' failed
make: *** [cmTC_1455c/fast] Error 2


