Determining if the pthread_create exist failed with the following output:
Change Dir: /home/jjl/桌面/Miracle3D_main/Miracle3D_main/build/CMakeFiles/CMakeTmp

Run Build Command:"/usr/bin/make" "cmTC_e79db/fast"
/usr/bin/make -f CMakeFiles/cmTC_e79db.dir/build.make CMakeFiles/cmTC_e79db.dir/build
make[1]: 进入目录“/home/jjl/桌面/Miracle3D_main/Miracle3D_main/build/CMakeFiles/CMakeTmp”
Building C object CMakeFiles/cmTC_e79db.dir/CheckSymbolExists.c.o
/usr/bin/cc    -o CMakeFiles/cmTC_e79db.dir/CheckSymbolExists.c.o   -c /home/jjl/桌面/Miracle3D_main/Miracle3D_main/build/CMakeFiles/CMakeTmp/CheckSymbolExists.c
Linking C executable cmTC_e79db
/usr/bin/cmake -E cmake_link_script CMakeFiles/cmTC_e79db.dir/link.txt --verbose=1
/usr/bin/cc      -rdynamic CMakeFiles/cmTC_e79db.dir/CheckSymbolExists.c.o  -o cmTC_e79db 
CMakeFiles/cmTC_e79db.dir/CheckSymbolExists.c.o：在函数‘main’中：
CheckSymbolExists.c:(.text+0x1b)：对‘pthread_create’未定义的引用
collect2: error: ld returned 1 exit status
CMakeFiles/cmTC_e79db.dir/build.make:97: recipe for target 'cmTC_e79db' failed
make[1]: *** [cmTC_e79db] Error 1
make[1]: 离开目录“/home/jjl/桌面/Miracle3D_main/Miracle3D_main/build/CMakeFiles/CMakeTmp”
Makefile:126: recipe for target 'cmTC_e79db/fast' failed
make: *** [cmTC_e79db/fast] Error 2

File /home/jjl/桌面/Miracle3D_main/Miracle3D_main/build/CMakeFiles/CMakeTmp/CheckSymbolExists.c:
/* */
#include <pthread.h>

int main(int argc, char** argv)
{
  (void)argv;
#ifndef pthread_create
  return ((int*)(&pthread_create))[argc];
#else
  (void)argc;
  return 0;
#endif
}

Determining if the function pthread_create exists in the pthreads failed with the following output:
Change Dir: /home/jjl/桌面/Miracle3D_main/Miracle3D_main/build/CMakeFiles/CMakeTmp

Run Build Command:"/usr/bin/make" "cmTC_34657/fast"
/usr/bin/make -f CMakeFiles/cmTC_34657.dir/build.make CMakeFiles/cmTC_34657.dir/build
make[1]: 进入目录“/home/jjl/桌面/Miracle3D_main/Miracle3D_main/build/CMakeFiles/CMakeTmp”
Building C object CMakeFiles/cmTC_34657.dir/CheckFunctionExists.c.o
/usr/bin/cc   -DCHECK_FUNCTION_EXISTS=pthread_create   -o CMakeFiles/cmTC_34657.dir/CheckFunctionExists.c.o   -c /usr/share/cmake-3.10/Modules/CheckFunctionExists.c
Linking C executable cmTC_34657
/usr/bin/cmake -E cmake_link_script CMakeFiles/cmTC_34657.dir/link.txt --verbose=1
/usr/bin/cc  -DCHECK_FUNCTION_EXISTS=pthread_create    -rdynamic CMakeFiles/cmTC_34657.dir/CheckFunctionExists.c.o  -o cmTC_34657 -lpthreads 
/usr/bin/ld: 找不到 -lpthreads
collect2: error: ld returned 1 exit status
CMakeFiles/cmTC_34657.dir/build.make:97: recipe for target 'cmTC_34657' failed
make[1]: *** [cmTC_34657] Error 1
make[1]: 离开目录“/home/jjl/桌面/Miracle3D_main/Miracle3D_main/build/CMakeFiles/CMakeTmp”
Makefile:126: recipe for target 'cmTC_34657/fast' failed
make: *** [cmTC_34657/fast] Error 2


